Build started 12/6/2022 1:50:57 AM.
     1>Project "C:\Users\go\Desktop\First-project\Phase1 - Code F22\PT-Project.vcxproj" on node 2 (Build target(s)).
     1>ClCompile:
         C:\vs\VC\bin\CL.exe /c /ZI /nologo /W3 /WX- /Od /Oy- /D WIN32 /D _DEBUG /D _CONSOLE /D _VC80_UPGRADE=0x0600 /D _MBCS /Gm /EHsc /RTC1 /MTd /GS /fp:precise /Zc:wchar_t /Zc:forScope /Fo".\Debug/" /Fd".\Debug/vc110.pdb" /FR".\Debug\\" /Gd /TP /analyze- /errorReport:prompt GUI\Input.cpp GUI\Output.cpp TestCode.cpp
         TestCode.cpp
         Input.cpp
         Generating Code...
         Compiling...
         Output.cpp
     1>c:\users\go\desktop\first-project\phase1 - code f22\gui\output.cpp(258): warning C4244: '=' : conversion from 'double' to 'int', possible loss of data
     1>c:\users\go\desktop\first-project\phase1 - code f22\gui\output.cpp(260): warning C4244: '=' : conversion from 'double' to 'int', possible loss of data
     1>c:\users\go\desktop\first-project\phase1 - code f22\gui\output.cpp(262): warning C4244: '=' : conversion from 'double' to 'int', possible loss of data
     1>c:\users\go\desktop\first-project\phase1 - code f22\gui\output.cpp(287): warning C4244: '=' : conversion from 'double' to '__int64', possible loss of data
     1>c:\users\go\desktop\first-project\phase1 - code f22\gui\output.cpp(305): warning C4244: 'argument' : conversion from '__int64' to 'const int', possible loss of data
         Generating Code...
       Link:
         C:\vs\VC\bin\link.exe /ERRORREPORT:PROMPT /OUT:".\Debug/PT Project.exe" /INCREMENTAL /NOLOGO odbc32.lib odbccp32.lib winmm.lib kernel32.lib user32.lib gdi32.lib winspool.lib comdlg32.lib advapi32.lib shell32.lib ole32.lib oleaut32.lib uuid.lib odbc32.lib odbccp32.lib /MANIFEST /MANIFESTUAC:"level='asInvoker' uiAccess='false'" /manifest:embed /DEBUG /PDB:".\Debug/PT Project.pdb" /SUBSYSTEM:CONSOLE /TLBID:1 /DYNAMICBASE /NXCOMPAT /IMPLIB:".\Debug\PT Project.lib" /MACHINE:X86 /SAFESEH .\Debug/auxil.obj
         .\Debug/CMUgraphics.obj
         .\Debug/colors.obj
         .\Debug/image.obj
         .\Debug/jpegload.obj
         .\Debug/keyqueue.obj
         .\Debug/mousequeue.obj
         .\Debug/windowinput.obj
         .\Debug/jcomapi.obj
         .\Debug/jcparam.obj
         .\Debug/jdapimin.obj
         .\Debug/jdapistd.obj
         .\Debug/jdatasrc.obj
         .\Debug/jdcoefct.obj
         .\Debug/jdcolor.obj
         .\Debug/jddctmgr.obj
         .\Debug/jdhuff.obj
         .\Debug/jdinput.obj
         .\Debug/jdmainct.obj
         .\Debug/jdmarker.obj
         .\Debug/jdmaster.obj
         .\Debug/jdmerge.obj
         .\Debug/jdphuff.obj
         .\Debug/jdpostct.obj
         .\Debug/jdsample.obj
         .\Debug/jdtrans.obj
         .\Debug/jerror.obj
         .\Debug/jidctflt.obj
         .\Debug/jidctfst.obj
         .\Debug/jidctint.obj
         .\Debug/jidctred.obj
         .\Debug/jmemmgr.obj
         .\Debug/jmemnobs.obj
         .\Debug/jquant1.obj
         .\Debug/jquant2.obj
         .\Debug/jutils.obj
         .\Debug/Input.obj
         .\Debug/Output.obj
         .\Debug/TestCode.obj
         PT-Project.vcxproj -> C:\Users\go\Desktop\First-project\Phase1 - Code F22\.\Debug\PT Project.exe
       BscMake:
         C:\vs\VC\bin\bscmake.exe /nologo /o".\Debug/PT Project.bsc" .\Debug\auxil.sbr .\Debug\CMUgraphics.sbr .\Debug\colors.sbr .\Debug\image.sbr .\Debug\jpegload.sbr .\Debug\keyqueue.sbr .\Debug\mousequeue.sbr .\Debug\windowinput.sbr .\Debug\jcomapi.sbr .\Debug\jcparam.sbr .\Debug\jdapimin.sbr .\Debug\jdapistd.sbr .\Debug\jdatasrc.sbr .\Debug\jdcoefct.sbr .\Debug\jdcolor.sbr .\Debug\jddctmgr.sbr .\Debug\jdhuff.sbr .\Debug\jdinput.sbr .\Debug\jdmainct.sbr .\Debug\jdmarker.sbr .\Debug\jdmaster.sbr .\Debug\jdmerge.sbr .\Debug\jdphuff.sbr .\Debug\jdpostct.sbr .\Debug\jdsample.sbr .\Debug\jdtrans.sbr .\Debug\jerror.sbr .\Debug\jidctflt.sbr .\Debug\jidctfst.sbr .\Debug\jidctint.sbr .\Debug\jidctred.sbr .\Debug\jmemmgr.sbr .\Debug\jmemnobs.sbr .\Debug\jquant1.sbr .\Debug\jquant2.sbr .\Debug\jutils.sbr .\Debug\Input.sbr .\Debug\Output.sbr .\Debug\TestCode.sbr
     1>Done Building Project "C:\Users\go\Desktop\First-project\Phase1 - Code F22\PT-Project.vcxproj" (Build target(s)).

Build succeeded.

Time Elapsed 00:00:03.75
